2023-05-17 21:46:54,856 - root - INFO - Epoch 0; loss: 19.227079391479492; CER: 0.7537601590156555; WER: 0.9998987317085266; val_loss: 29.714845657348633; val_CER: 1.0; val_WER: 1.0
2023-05-17 21:50:31,446 - root - INFO - Epoch 1; loss: 5.56732177734375; CER: 0.2790411710739136; WER: 0.9827669858932495; val_loss: 29.693233489990234; val_CER: 0.9362097978591919; val_WER: 1.0
2023-05-17 21:53:14,777 - root - INFO - Epoch 2; loss: 2.0338332653045654; CER: 0.15481403470039368; WER: 0.9251953959465027; val_loss: 7.444723606109619; val_CER: 0.30673354864120483; val_WER: 0.9863069653511047
2023-05-17 21:56:38,102 - root - INFO - Epoch 3; loss: 1.8153692483901978; CER: 0.14003273844718933; WER: 0.8583694696426392; val_loss: 1.7776247262954712; val_CER: 0.11572656035423279; val_WER: 0.8207643628120422
2023-05-17 21:59:20,957 - root - INFO - Epoch 4; loss: 1.6991961002349854; CER: 0.1328202784061432; WER: 0.8285812735557556; val_loss: 1.6521942615509033; val_CER: 0.11980833113193512; val_WER: 0.8054363131523132
2023-05-17 22:02:44,283 - root - INFO - Epoch 5; loss: 1.6309294700622559; CER: 0.12414074689149857; WER: 0.7851848602294922; val_loss: 1.6810990571975708; val_CER: 0.13122773170471191; val_WER: 0.8005313873291016
2023-05-17 22:05:26,334 - root - INFO - Epoch 6; loss: 1.5988126993179321; CER: 0.12087652087211609; WER: 0.7605807781219482; val_loss: 1.6274096965789795; val_CER: 0.15704408288002014; val_WER: 0.8587778210639954
2023-05-17 22:08:48,317 - root - INFO - Epoch 7; loss: 1.5453585386276245; CER: 0.11188653111457825; WER: 0.7252035140991211; val_loss: 1.6076396703720093; val_CER: 0.15383939445018768; val_WER: 0.8454935550689697
2023-05-17 22:12:13,386 - root - INFO - Epoch 8; loss: 1.5231187343597412; CER: 0.11141061037778854; WER: 0.7200801968574524; val_loss: 1.5605413913726807; val_CER: 0.13324308395385742; val_WER: 0.7939913868904114
2023-05-17 22:15:32,691 - root - INFO - Epoch 9; loss: 1.4936084747314453; CER: 0.10456015914678574; WER: 0.6877202391624451; val_loss: 1.5920168161392212; val_CER: 0.11316052824258804; val_WER: 0.7404455542564392
2023-05-17 22:18:55,625 - root - INFO - Epoch 10; loss: 1.1182312965393066; CER: 0.09302196651697159; WER: 0.6416913270950317; val_loss: 1.0576802492141724; val_CER: 0.09786372631788254; val_WER: 0.6476598978042603
2023-05-17 22:21:38,941 - root - INFO - Epoch 11; loss: 0.9905442595481873; CER: 0.08026768267154694; WER: 0.5632011890411377; val_loss: 0.9428641200065613; val_CER: 0.07515271753072739; val_WER: 0.5137951970100403
2023-05-17 22:24:22,363 - root - INFO - Epoch 12; loss: 0.9653921723365784; CER: 0.07245837152004242; WER: 0.5108743906021118; val_loss: 0.938857913017273; val_CER: 0.09554465860128403; val_WER: 0.6529736518859863
2023-05-17 22:27:45,874 - root - INFO - Epoch 13; loss: 0.9728444218635559; CER: 0.07108838111162186; WER: 0.5028350353240967; val_loss: 0.9769478440284729; val_CER: 0.05191940814256668; val_WER: 0.38033926486968994
2023-05-17 22:31:04,715 - root - INFO - Epoch 14; loss: 0.9634453058242798; CER: 0.067021444439888; WER: 0.4728240966796875; val_loss: 1.0364179611206055; val_CER: 0.06358857452869415; val_WER: 0.4586143493652344
2023-05-17 22:33:49,352 - root - INFO - Epoch 15; loss: 0.9609182476997375; CER: 0.06575523316860199; WER: 0.4651694893836975; val_loss: 0.9334977269172668; val_CER: 0.06406828761100769; val_WER: 0.45493561029434204
2023-05-17 22:36:31,999 - root - INFO - Epoch 16; loss: 0.9581979513168335; CER: 0.06649717688560486; WER: 0.4710015654563904; val_loss: 0.9929690957069397; val_CER: 0.05946419760584831; val_WER: 0.41835275292396545
2023-05-17 22:39:53,279 - root - INFO - Epoch 17; loss: 0.9282284379005432; CER: 0.06330661475658417; WER: 0.4509942829608917; val_loss: 0.9779858589172363; val_CER: 0.08918068557977676; val_WER: 0.6112813949584961
2023-05-17 22:43:17,641 - root - INFO - Epoch 18; loss: 0.8813101053237915; CER: 0.05387449637055397; WER: 0.38621360063552856; val_loss: 0.9146267175674438; val_CER: 0.0652632936835289; val_WER: 0.4870222806930542
2023-05-17 22:46:38,205 - root - INFO - Epoch 19; loss: 0.8707457780838013; CER: 0.0465998575091362; WER: 0.3389089107513428; val_loss: 0.9174140691757202; val_CER: 0.041993096470832825; val_WER: 0.31453096866607666
2023-05-17 22:49:22,542 - root - INFO - Epoch 20; loss: 0.8611564636230469; CER: 0.05675256997346878; WER: 0.4207403361797333; val_loss: 0.9025864005088806; val_CER: 0.06963745504617691; val_WER: 0.5270795226097107
2023-05-17 22:52:06,740 - root - INFO - Epoch 21; loss: 0.8607576489448547; CER: 0.06180473044514656; WER: 0.45810213685035706; val_loss: 0.9007540941238403; val_CER: 0.048496149480342865; val_WER: 0.3731861710548401
2023-05-17 22:55:27,621 - root - INFO - Epoch 22; loss: 0.8677719831466675; CER: 0.04045868664979935; WER: 0.2963832914829254; val_loss: 0.9509762525558472; val_CER: 0.0737561509013176; val_WER: 0.5561005473136902
2023-05-17 22:58:49,982 - root - INFO - Epoch 23; loss: 0.8517948985099792; CER: 0.04438640549778938; WER: 0.3255234658718109; val_loss: 0.8981050848960876; val_CER: 0.024757592007517815; val_WER: 0.1892499476671219
2023-05-17 23:02:11,013 - root - INFO - Epoch 24; loss: 0.8578068614006042; CER: 0.04848566651344299; WER: 0.3585517108440399; val_loss: 0.9140540957450867; val_CER: 0.07377035170793533; val_WER: 0.5497649908065796
2023-05-17 23:05:34,754 - root - INFO - Epoch 25; loss: 0.8632410168647766; CER: 0.048220448195934296; WER: 0.3552711606025696; val_loss: 0.8996868133544922; val_CER: 0.07156197726726532; val_WER: 0.5403637886047363
2023-05-17 23:08:19,678 - root - INFO - Epoch 26; loss: 0.8412180542945862; CER: 0.054154329001903534; WER: 0.41000768542289734; val_loss: 0.8937850594520569; val_CER: 0.06376456469297409; val_WER: 0.47680360078811646
2023-05-17 23:11:40,663 - root - INFO - Epoch 27; loss: 0.8519604206085205; CER: 0.04653825983405113; WER: 0.34962132573127747; val_loss: 0.9240232110023499; val_CER: 0.05997229740023613; val_WER: 0.4641324281692505
2023-05-17 23:15:02,841 - root - INFO - Epoch 28; loss: 0.8456408381462097; CER: 0.04320315644145012; WER: 0.3256247341632843; val_loss: 0.8869001865386963; val_CER: 0.04196754842996597; val_WER: 0.3227058947086334
2023-05-17 23:17:47,987 - root - INFO - Epoch 29; loss: 0.8423088192939758; CER: 0.043448127806186676; WER: 0.32993802428245544; val_loss: 0.883732795715332; val_CER: 0.0519818551838398; val_WER: 0.40629470348358154
2023-05-17 23:20:30,629 - root - INFO - Epoch 30; loss: 0.8357841968536377; CER: 0.051540665328502655; WER: 0.3964399993419647; val_loss: 0.869091808795929; val_CER: 0.060139767825603485; val_WER: 0.46924176812171936
2023-05-17 23:23:15,012 - root - INFO - Epoch 31; loss: 0.8340833187103271; CER: 0.05340930446982384; WER: 0.4140172600746155; val_loss: 0.8715239763259888; val_CER: 0.03375570476055145; val_WER: 0.26895564794540405
2023-05-17 23:25:59,248 - root - INFO - Epoch 32; loss: 0.8359537124633789; CER: 0.04483696445822716; WER: 0.3473532795906067; val_loss: 0.878641664981842; val_CER: 0.03688659518957138; val_WER: 0.2942979633808136
2023-05-17 23:28:42,137 - root - INFO - Epoch 33; loss: 0.8406679630279541; CER: 0.036806587129831314; WER: 0.2806488275527954; val_loss: 0.9282239079475403; val_CER: 0.06553296744823456; val_WER: 0.48538729548454285
2023-05-17 23:32:03,553 - root - INFO - Epoch 34; loss: 0.8297569751739502; CER: 0.046137209981679916; WER: 0.3604147136211395; val_loss: 0.8719506859779358; val_CER: 0.040661830455064774; val_WER: 0.32515838742256165
2023-05-17 23:35:27,539 - root - INFO - Epoch 35; loss: 0.8307939171791077; CER: 0.04086931422352791; WER: 0.3188003599643707; val_loss: 0.8749060034751892; val_CER: 0.052538201212882996; val_WER: 0.41917023062705994
2023-05-17 23:38:11,757 - root - INFO - Epoch 36; loss: 0.8321529030799866; CER: 0.0483739972114563; WER: 0.37827548384666443; val_loss: 0.8563649654388428; val_CER: 0.03234212100505829; val_WER: 0.26016759872436523
2023-05-17 23:41:33,717 - root - INFO - Epoch 37; loss: 0.8215703964233398; CER: 0.04660126939415932; WER: 0.36373576521873474; val_loss: 0.8598818778991699; val_CER: 0.05777528136968613; val_WER: 0.4512569010257721
2023-05-17 23:44:18,198 - root - INFO - Epoch 38; loss: 0.8203826546669006; CER: 0.04521019384264946; WER: 0.3493378162384033; val_loss: 0.8695454597473145; val_CER: 0.027190204709768295; val_WER: 0.21459227800369263
2023-05-17 23:47:02,008 - root - INFO - Epoch 39; loss: 0.8155183792114258; CER: 0.042626313865184784; WER: 0.3317403197288513; val_loss: 0.8459882140159607; val_CER: 0.052421826869249344; val_WER: 0.42060086131095886
2023-05-17 23:49:45,425 - root - INFO - Epoch 40; loss: 0.8085746169090271; CER: 0.04423733055591583; WER: 0.3474747836589813; val_loss: 0.8671810030937195; val_CER: 0.05016803741455078; val_WER: 0.4003678858280182
2023-05-17 23:53:06,465 - root - INFO - Epoch 41; loss: 0.8174234628677368; CER: 0.040575120598077774; WER: 0.31649184226989746; val_loss: 0.8541330695152283; val_CER: 0.026912027969956398; val_WER: 0.2176578789949417
2023-05-17 23:55:52,626 - root - INFO - Epoch 42; loss: 0.8085683584213257; CER: 0.032791122794151306; WER: 0.25529545545578003; val_loss: 0.8654801845550537; val_CER: 0.03268558159470558; val_WER: 0.2589413523674011
2023-05-17 23:58:36,503 - root - INFO - Epoch 43; loss: 0.814792275428772; CER: 0.036514654755592346; WER: 0.2824915945529938; val_loss: 0.8567715883255005; val_CER: 0.04079807922244072; val_WER: 0.31882280111312866
2023-05-18 00:01:20,027 - root - INFO - Epoch 44; loss: 0.8097003102302551; CER: 0.032471347600221634; WER: 0.25195416808128357; val_loss: 0.8510288000106812; val_CER: 0.028061630204319954; val_WER: 0.2207234799861908
2023-05-18 00:04:43,777 - root - INFO - Epoch 45; loss: 0.8127292990684509; CER: 0.029442524537444115; WER: 0.22564902901649475; val_loss: 0.8564886450767517; val_CER: 0.029520630836486816; val_WER: 0.23012466728687286
2023-05-18 00:07:28,755 - root - INFO - Epoch 46; loss: 0.8076266646385193; CER: 0.02785821259021759; WER: 0.21730589866638184; val_loss: 0.8537952303886414; val_CER: 0.027457023039460182; val_WER: 0.22154097259044647
2023-05-18 00:10:14,044 - root - INFO - Epoch 47; loss: 0.8072487115859985; CER: 0.025494560599327087; WER: 0.19796687364578247; val_loss: 0.8438389897346497; val_CER: 0.023783976212143898; val_WER: 0.19190680980682373
2023-05-18 00:12:57,725 - root - INFO - Epoch 48; loss: 0.8055943846702576; CER: 0.034119781106710434; WER: 0.268640398979187; val_loss: 0.8438453078269958; val_CER: 0.036245089024305344; val_WER: 0.29286736249923706
2023-05-18 00:16:19,474 - root - INFO - Epoch 49; loss: 0.8127526640892029; CER: 0.037152260541915894; WER: 0.29091572761535645; val_loss: 0.8420404195785522; val_CER: 0.04086904600262642; val_WER: 0.33190271258354187
2023-05-18 00:19:41,533 - root - INFO - Epoch 50; loss: 0.8070446252822876; CER: 0.037268418818712234; WER: 0.29273825883865356; val_loss: 0.850298285484314; val_CER: 0.03384937345981598; val_WER: 0.2716124951839447
2023-05-18 00:23:03,011 - root - INFO - Epoch 51; loss: 0.8066325187683105; CER: 0.036095887422561646; WER: 0.2856101393699646; val_loss: 0.8484116196632385; val_CER: 0.03656016290187836; val_WER: 0.2920498549938202
2023-05-18 00:25:47,725 - root - INFO - Epoch 52; loss: 0.810006856918335; CER: 0.03756178170442581; WER: 0.2941962778568268; val_loss: 0.8501368165016174; val_CER: 0.04957478865981102; val_WER: 0.3938279151916504
2023-05-18 00:28:30,148 - root - INFO - Epoch 53; loss: 0.8107144236564636; CER: 0.034086018800735474; WER: 0.2673848867416382; val_loss: 0.8482118248939514; val_CER: 0.031391214579343796; val_WER: 0.25158390402793884
2023-05-18 00:31:55,318 - root - INFO - Epoch 54; loss: 0.8046560287475586; CER: 0.034823186695575714; WER: 0.274006724357605; val_loss: 0.8363156318664551; val_CER: 0.033315736800432205; val_WER: 0.27018189430236816
2023-05-18 00:35:14,921 - root - INFO - Epoch 55; loss: 0.8100353479385376; CER: 0.028822913765907288; WER: 0.22643879055976868; val_loss: 0.8468695878982544; val_CER: 0.04831448569893837; val_WER: 0.38790109753608704
2023-05-18 00:37:59,551 - root - INFO - Epoch 56; loss: 0.8028618097305298; CER: 0.03888673707842827; WER: 0.30731844902038574; val_loss: 0.840732216835022; val_CER: 0.035881754010915756; val_WER: 0.29164111614227295
2023-05-18 00:41:19,957 - root - INFO - Epoch 57; loss: 0.8004248738288879; CER: 0.031303565949201584; WER: 0.24778258800506592; val_loss: 0.8445869088172913; val_CER: 0.034226901829242706; val_WER: 0.2759043574333191
2023-05-18 00:44:05,044 - root - INFO - Epoch 58; loss: 0.8032240271568298; CER: 0.03561155125498772; WER: 0.28166133165359497; val_loss: 0.8404211401939392; val_CER: 0.04246145114302635; val_WER: 0.344369500875473
2023-05-18 00:47:26,481 - root - INFO - Epoch 59; loss: 0.7977749109268188; CER: 0.0362834595143795; WER: 0.2889716923236847; val_loss: 0.8375939726829529; val_CER: 0.03889058902859688; val_WER: 0.31657469272613525
2023-05-18 00:50:48,924 - root - INFO - Epoch 60; loss: 0.800134003162384; CER: 0.028781019151210785; WER: 0.22828155755996704; val_loss: 0.8257160782814026; val_CER: 0.024757588282227516; val_WER: 0.19946862757205963
2023-05-18 00:53:34,529 - root - INFO - Epoch 61; loss: 0.7768791317939758; CER: 0.030122026801109314; WER: 0.2395002245903015; val_loss: 0.8167896866798401; val_CER: 0.035955559462308884; val_WER: 0.29061925411224365
2023-05-18 00:56:55,569 - root - INFO - Epoch 62; loss: 0.7750492095947266; CER: 0.029852591454982758; WER: 0.23678667843341827; val_loss: 0.8179696202278137; val_CER: 0.034371666610240936; val_WER: 0.2793787121772766
2023-05-18 00:59:40,964 - root - INFO - Epoch 63; loss: 0.7665800452232361; CER: 0.035717301070690155; WER: 0.2828156054019928; val_loss: 0.8660089373588562; val_CER: 0.04952936992049217; val_WER: 0.3975066542625427
2023-05-18 01:03:02,457 - root - INFO - Epoch 64; loss: 0.7466002702713013; CER: 0.035843025892972946; WER: 0.2839698791503906; val_loss: 0.7914325594902039; val_CER: 0.03995503485202789; val_WER: 0.32086655497550964
2023-05-18 01:06:25,157 - root - INFO - Epoch 65; loss: 0.7497410774230957; CER: 0.04389870539307594; WER: 0.35002633929252625; val_loss: 0.7973152995109558; val_CER: 0.03636714816093445; val_WER: 0.296546071767807
2023-05-18 01:09:10,814 - root - INFO - Epoch 66; loss: 0.7462932467460632; CER: 0.03720710799098015; WER: 0.29703131318092346; val_loss: 0.7771853804588318; val_CER: 0.03597259148955345; val_WER: 0.29266297817230225
2023-05-18 01:12:32,412 - root - INFO - Epoch 67; loss: 0.7357807159423828; CER: 0.03311260789632797; WER: 0.26752662658691406; val_loss: 0.7778906226158142; val_CER: 0.030221745371818542; val_WER: 0.24810954928398132
2023-05-18 01:15:54,521 - root - INFO - Epoch 68; loss: 0.7399539351463318; CER: 0.03226828575134277; WER: 0.26011502742767334; val_loss: 0.7811145782470703; val_CER: 0.031465016305446625; val_WER: 0.257715106010437
2023-05-18 01:18:38,450 - root - INFO - Epoch 69; loss: 0.7381265163421631; CER: 0.030839236453175545; WER: 0.24794459342956543; val_loss: 0.7780600190162659; val_CER: 0.03735211119055748; val_WER: 0.3081953823566437
2023-05-18 01:22:01,084 - root - INFO - Epoch 70; loss: 0.7377553582191467; CER: 0.031447023153305054; WER: 0.2536754310131073; val_loss: 0.7811503410339355; val_CER: 0.03630470111966133; val_WER: 0.29491108655929565
2023-05-18 01:25:24,583 - root - INFO - Epoch 71; loss: 0.7346251010894775; CER: 0.031573858112096786; WER: 0.2553156912326813; val_loss: 0.7778583765029907; val_CER: 0.031533144414424896; val_WER: 0.2599632143974304
2023-05-18 01:28:09,463 - root - INFO - Epoch 72; loss: 0.7374041080474854; CER: 0.028146782889962196; WER: 0.22781580686569214; val_loss: 0.7874597311019897; val_CER: 0.022957969456911087; val_WER: 0.1894543170928955
2023-05-18 01:31:32,628 - root - INFO - Epoch 73; loss: 0.7379152774810791; CER: 0.022402456030249596; WER: 0.17832408845424652; val_loss: 0.781127393245697; val_CER: 0.027800485491752625; val_WER: 0.22665031254291534
2023-05-18 01:34:54,290 - root - INFO - Epoch 74; loss: 0.7371633052825928; CER: 0.024325938895344734; WER: 0.19460532069206238; val_loss: 0.780051052570343; val_CER: 0.031680747866630554; val_WER: 0.2615981996059418
2023-05-18 01:38:16,547 - root - INFO - Epoch 75; loss: 0.7348482012748718; CER: 0.025924881920218468; WER: 0.20845651626586914; val_loss: 0.7763193845748901; val_CER: 0.02683822438120842; val_WER: 0.21929286420345306
2023-05-18 01:41:02,836 - root - INFO - Epoch 76; loss: 0.7377147674560547; CER: 0.024646582081913948; WER: 0.1962253451347351; val_loss: 0.7754530906677246; val_CER: 0.024479413405060768; val_WER: 0.19885550439357758
2023-05-18 01:43:48,711 - root - INFO - Epoch 77; loss: 0.7312502861022949; CER: 0.0249832384288311; WER: 0.2017536759376526; val_loss: 0.7811967730522156; val_CER: 0.019037967547774315; val_WER: 0.15634579956531525
2023-05-18 01:46:35,571 - root - INFO - Epoch 78; loss: 0.7355128526687622; CER: 0.023076049983501434; WER: 0.1842574179172516; val_loss: 0.7766925096511841; val_CER: 0.016565615311264992; val_WER: 0.1342734545469284
2023-05-18 01:49:19,309 - root - INFO - Epoch 79; loss: 0.7384344339370728; CER: 0.023747405037283897; WER: 0.18800371885299683; val_loss: 0.7839758992195129; val_CER: 0.03361945226788521; val_WER: 0.27651748061180115
2023-05-18 01:52:06,352 - root - INFO - Epoch 80; loss: 0.7337198257446289; CER: 0.0253958310931921; WER: 0.20183467864990234; val_loss: 0.7781743407249451; val_CER: 0.016290277242660522; val_WER: 0.12957285344600677
2023-05-18 01:55:27,280 - root - INFO - Epoch 81; loss: 0.7384131550788879; CER: 0.02302120439708233; WER: 0.18067312240600586; val_loss: 0.7734354734420776; val_CER: 0.02062470279633999; val_WER: 0.166564479470253
2023-05-18 01:58:47,095 - root - INFO - Epoch 82; loss: 0.731909453868866; CER: 0.023135967552661896; WER: 0.183852419257164; val_loss: 0.7730526328086853; val_CER: 0.027658561244606972; val_WER: 0.22644594311714172
2023-05-18 02:01:33,251 - root - INFO - Epoch 83; loss: 0.7347225546836853; CER: 0.026818424463272095; WER: 0.21447086334228516; val_loss: 0.7798100113868713; val_CER: 0.02929638884961605; val_WER: 0.2393214851617813
2023-05-18 02:04:54,807 - root - INFO - Epoch 84; loss: 0.7371466755867004; CER: 0.028469379991292953; WER: 0.22793731093406677; val_loss: 0.7795867919921875; val_CER: 0.01858096569776535; val_WER: 0.1504189670085907
2023-05-18 02:08:18,026 - root - INFO - Epoch 85; loss: 0.7383918166160583; CER: 0.021311182528734207; WER: 0.1676521748304367; val_loss: 0.7846237421035767; val_CER: 0.013204804621636868; val_WER: 0.10647864639759064
2023-05-18 02:11:39,124 - root - INFO - Epoch 86; loss: 0.7353493571281433; CER: 0.02074277214705944; WER: 0.16427038609981537; val_loss: 0.7743231654167175; val_CER: 0.026579922065138817; val_WER: 0.21704475581645966
2023-05-18 02:14:25,369 - root - INFO - Epoch 87; loss: 0.7356460094451904; CER: 0.0272867102175951; WER: 0.2202421873807907; val_loss: 0.7799192667007446; val_CER: 0.03440004959702492; val_WER: 0.2824442982673645
2023-05-18 02:17:10,838 - root - INFO - Epoch 88; loss: 0.7368956804275513; CER: 0.030478380620479584; WER: 0.24695232510566711; val_loss: 0.80710369348526; val_CER: 0.04818958789110184; val_WER: 0.402820348739624
2023-05-18 02:19:57,042 - root - INFO - Epoch 89; loss: 0.7481994032859802; CER: 0.039679333567619324; WER: 0.3246932029724121; val_loss: 0.7792879939079285; val_CER: 0.03896155580878258; val_WER: 0.3235234022140503
2023-05-18 02:22:43,912 - root - INFO - Epoch 90; loss: 0.7366366386413574; CER: 0.04064345732331276; WER: 0.33293506503105164; val_loss: 0.8011502027511597; val_CER: 0.0491575263440609; val_WER: 0.4103821814060211
2023-05-18 02:25:30,013 - root - INFO - Epoch 91; loss: 0.735054075717926; CER: 0.038293302059173584; WER: 0.31300878524780273; val_loss: 0.7772422432899475; val_CER: 0.04573711007833481; val_WER: 0.38136112689971924
2023-05-18 02:28:16,374 - root - INFO - Epoch 92; loss: 0.7326501607894897; CER: 0.04059283062815666; WER: 0.33242881298065186; val_loss: 0.7912777066230774; val_CER: 0.021731726825237274; val_WER: 0.17473942041397095
2023-05-18 02:31:01,385 - root - INFO - Epoch 93; loss: 0.7345464825630188; CER: 0.0279496181756258; WER: 0.22471751272678375; val_loss: 0.7819324135780334; val_CER: 0.02331562340259552; val_WER: 0.19231554865837097
2023-05-18 02:34:22,140 - root - INFO - Epoch 94; loss: 0.7392143607139587; CER: 0.020293330773711205; WER: 0.16115184128284454; val_loss: 0.8263489007949829; val_CER: 0.014865342527627945; val_WER: 0.11996729671955109
2023-05-18 02:37:44,674 - root - INFO - Epoch 95; loss: 0.7366231083869934; CER: 0.016756271943449974; WER: 0.1329229325056076; val_loss: 0.7819209098815918; val_CER: 0.019602833315730095; val_WER: 0.16268138587474823
2023-05-18 02:41:08,882 - root - INFO - Epoch 96; loss: 0.7357176542282104; CER: 0.015136251226067543; WER: 0.11986149102449417; val_loss: 0.7768396139144897; val_CER: 0.01587017811834812; val_WER: 0.1297772377729416
2023-05-18 02:44:29,299 - root - INFO - Epoch 97; loss: 0.732795774936676; CER: 0.012060455977916718; WER: 0.09404236078262329; val_loss: 0.7812626957893372; val_CER: 0.006988441105931997; val_WER: 0.055998366326093674
2023-05-18 02:47:52,229 - root - INFO - Epoch 98; loss: 0.740486741065979; CER: 0.01098691113293171; WER: 0.08537523448467255; val_loss: 0.7803199887275696; val_CER: 0.01293230801820755; val_WER: 0.10688739269971848
2023-05-18 02:51:13,713 - root - INFO - Epoch 99; loss: 0.7360291481018066; CER: 0.013205724768340588; WER: 0.10424850881099701; val_loss: 0.7730183601379395; val_CER: 0.01142789050936699; val_WER: 0.09462497383356094
2023-05-18 02:51:16,590 - tf2onnx.tfonnx - INFO - Using tensorflow=2.11.0, onnx=1.12.0, tf2onnx=1.14.0/8f8d49
2023-05-18 02:51:16,590 - tf2onnx.tfonnx - INFO - Using opset <onnx, 15>
2023-05-18 02:51:16,856 - tf2onnx.tf_utils - INFO - Computed 0 values for constant folding
2023-05-18 02:51:17,387 - tf2onnx.optimizer - INFO - Optimizing ONNX model
2023-05-18 02:51:18,408 - tf2onnx.optimizer - INFO - After optimization: Add -12 (14->2), BatchNormalization -22 (24->2), Cast -2 (4->2), Const -125 (207->82), Gather +1 (0->1), GlobalAveragePool +1 (0->1), Identity -2 (2->0), MaxPool -1 (6->5), ReduceMean -1 (1->0), Reshape -14 (16->2), Transpose -134 (137->3), Unsqueeze -3 (5->2)
